<?xml version="1.0" encoding="UTF-8"?>
<!-- Generated by org.testng.reporters.JUnitXMLReporter -->
<testsuite ignored="2" hostname="DESKTOP-O326E1U" failures="1" tests="1" name="Monster" time="54.516" errors="0" timestamp="18 Feb 2020 21:03:49 GMT">
  <testcase classname="com.myTest.LoginTest" name="verifyLoginPageTitleTest" time="0.006">
    <failure type="java.lang.NullPointerException">
      <![CDATA[java.lang.NullPointerException
	at com.myTest.LoginTest.verifyLoginPageTitleTest(LoginTest.java:16)
	at java.base/java.util.concurrent.ThreadPoolExecutor.runWorker(ThreadPoolExecutor.java:1128)
	at java.base/java.util.concurrent.ThreadPoolExecutor$Worker.run(ThreadPoolExecutor.java:628)
	at java.base/java.lang.Thread.run(Thread.java:830)
... Removed 10 stack frames]]>
    </failure>
  </testcase> <!-- verifyLoginPageTitleTest -->
  <testcase classname="com.myTest.LoginTest" name="doLoginTest" time="0.0">
    <ignored/>
  </testcase> <!-- doLoginTest -->
  <testcase classname="com.myTest.LoginTest" name="verifyLoginPageHeaderTest" time="0.0">
    <ignored/>
  </testcase> <!-- verifyLoginPageHeaderTest -->
</testsuite> <!-- Monster -->
